{"/Users/wangxing/Documents/personal/test/src/day1/day1.js": {"path":"/Users/wangxing/Documents/personal/test/src/day1/day1.js","statementMap":{"0":{"start":{"line":18,"column":12},"end":{"line":18,"column":20}},"1":{"start":{"line":20,"column":12},"end":{"line":20,"column":22}},"2":{"start":{"line":21,"column":2},"end":{"line":27,"column":3}},"3":{"start":{"line":21,"column":15},"end":{"line":21,"column":16}},"4":{"start":{"line":22,"column":4},"end":{"line":26,"column":5}},"5":{"start":{"line":22,"column":17},"end":{"line":22,"column":18}},"6":{"start":{"line":23,"column":6},"end":{"line":25,"column":7}},"7":{"start":{"line":24,"column":8},"end":{"line":24,"column":52}},"8":{"start":{"line":28,"column":2},"end":{"line":28,"column":13}}},"fnMap":{"0":{"name":"bubbleSort","decl":{"start":{"line":17,"column":16},"end":{"line":17,"column":26}},"loc":{"start":{"line":17,"column":32},"end":{"line":29,"column":1}},"line":17}},"branchMap":{"0":{"loc":{"start":{"line":23,"column":6},"end":{"line":25,"column":7}},"type":"if","locations":[{"start":{"line":23,"column":6},"end":{"line":25,"column":7}},{"start":{"line":23,"column":6},"end":{"line":25,"column":7}}],"line":23}},"s":{"0":1,"1":1,"2":1,"3":1,"4":9,"5":9,"6":45,"7":36,"8":1},"f":{"0":1},"b":{"0":[36,9]},"_coverageSchema":"1a1c01bbd47fc00a2c39e90264f33305004495a9","hash":"5beee37580304760da8d00fa5ec19768ac6d4f44"}
,"/Users/wangxing/Documents/personal/test/src/day2/day2.js": {"path":"/Users/wangxing/Documents/personal/test/src/day2/day2.js","statementMap":{"0":{"start":{"line":2,"column":13},"end":{"line":2,"column":28}},"1":{"start":{"line":3,"column":14},"end":{"line":3,"column":21}},"2":{"start":{"line":4,"column":2},"end":{"line":7,"column":3}},"3":{"start":{"line":5,"column":4},"end":{"line":5,"column":40}},"4":{"start":{"line":6,"column":4},"end":{"line":6,"column":21}},"5":{"start":{"line":8,"column":2},"end":{"line":8,"column":15}}},"fnMap":{"0":{"name":"traversal","decl":{"start":{"line":1,"column":16},"end":{"line":1,"column":25}},"loc":{"start":{"line":1,"column":57},"end":{"line":9,"column":1}},"line":1}},"branchMap":{},"s":{"0":1,"1":1,"2":1,"3":4,"4":4,"5":1},"f":{"0":1},"b":{},"_coverageSchema":"1a1c01bbd47fc00a2c39e90264f33305004495a9","hash":"67edd41763948a88b0e879115fb00d68b57c92cf"}
}
